<?xml version="1.0" encoding="utf-8"?>
<UpgradeLog>
    <Settings>
        <Setting
            Name = "LogFile"
            Value = "MoleFraction.log"
        />
        <Setting
            Name = "GenerateInterfacesForClasses"
            Value = "0"
        />
        <Setting
            Name = "ProjectName"
            Value = "MoleFraction"
        />
        <Setting
            Name = "OutputName"
            Value = "MoleFraction.vbproj"
        />
        <Setting
            Name = "OutputDir"
            Value = "C:\Program Files\Microsoft Visual Studio\VB98\MoleFraction"
        />
        <Setting
            Name = "ProjectPath"
            Value = "C:\Program Files\Microsoft Visual Studio\VB98\MoleFraction.vbp"
        />
        <Setting
            Name = "MigrateProjectTo"
            Value = "WinExe"
        />
    </Settings>
    <File
        OldPath = "C:\Program Files\Microsoft Visual Studio\VB98\MoleFraction.frm"
        NewPath = "C:\Program Files\Microsoft Visual Studio\VB98\MoleFraction\MoleFraction.vb"
        FileType = "Form"
        Upgraded = "True"
    >
        <Section Name = "Command1_Click" >
            <Issue
                Type = "Runtime"
                Number = "1037"
            >Couldn't resolve default property of object I.</Issue>
        </Section>
    </File>
</UpgradeLog>

