<?xml version="1.0" encoding="utf-8"?>
<UpgradeLog>
    <Settings>
        <Setting
            Name = "LogFile"
            Value = "GeneToProtein.log"
        />
        <Setting
            Name = "GenerateInterfacesForClasses"
            Value = "0"
        />
        <Setting
            Name = "ProjectName"
            Value = "GeneToProtein"
        />
        <Setting
            Name = "OutputName"
            Value = "GeneToProtein.vbproj"
        />
        <Setting
            Name = "OutputDir"
            Value = "C:\Program Files\Microsoft Visual Studio\VB98\GeneToProtein"
        />
        <Setting
            Name = "ProjectPath"
            Value = "C:\Program Files\Microsoft Visual Studio\VB98\GeneToProtein.vbp"
        />
        <Setting
            Name = "MigrateProjectTo"
            Value = "WinExe"
        />
    </Settings>
    <File
        OldPath = "C:\Program Files\Microsoft Visual Studio\VB98\GeneToProtein.frm"
        NewPath = "C:\Program Files\Microsoft Visual Studio\VB98\GeneToProtein\GeneToProtein.vb"
        FileType = "Form"
        Upgraded = "True"
    >
        <Section Name = "Transcribe" >
            <Issue
                Type = "Runtime"
                Number = "1037"
                PME = "Mid"
            >Couldn't resolve default property of object I.</Issue>
            <Issue
                Type = "Runtime"
                Number = "1037"
                PME = "Mid"
            >Couldn't resolve default property of object I.</Issue>
            <Issue
                Type = "Runtime"
                Number = "1037"
                PME = "Mid"
            >Couldn't resolve default property of object I.</Issue>
            <Issue
                Type = "Runtime"
                Number = "1037"
                PME = "Mid"
            >Couldn't resolve default property of object I.</Issue>
            <Issue
                Type = "Runtime"
                Number = "1037"
                PME = "Mid"
            >Couldn't resolve default property of object I.</Issue>
            <Issue
                Type = "Runtime"
                Number = "1037"
                PME = "Mid"
            >Couldn't resolve default property of object I.</Issue>
            <Issue
                Type = "Runtime"
                Number = "1037"
                PME = "Mid"
            >Couldn't resolve default property of object I.</Issue>
            <Issue
                Type = "Runtime"
                Number = "1037"
                PME = "Mid"
            >Couldn't resolve default property of object I.</Issue>
        </Section>
        <Section Name = "Translate" >
            <Issue
                Type = "Runtime"
                Number = "1037"
            >Couldn't resolve default property of object STP.</Issue>
            <Issue
                Type = "Runtime"
                Number = "1037"
            >Couldn't resolve default property of object StartNum.</Issue>
            <Issue
                Type = "Runtime"
                Number = "1037"
            >Couldn't resolve default property of object StartNum.</Issue>
            <Issue
                Type = "Runtime"
                Number = "1037"
            >Couldn't resolve default property of object STP.</Issue>
            <Issue
                Type = "Runtime"
                Number = "1037"
            >Couldn't resolve default property of object STP.</Issue>
            <Issue
                Type = "Runtime"
                Number = "1037"
            >Couldn't resolve default property of object STP.</Issue>
            <Issue
                Type = "Runtime"
                Number = "1037"
            >Couldn't resolve default property of object STP.</Issue>
            <Issue
                Type = "Runtime"
                Number = "1037"
            >Couldn't resolve default property of object STP.</Issue>
        </Section>
    </File>
</UpgradeLog>

