<?xml version="1.0" encoding="utf-8"?>
<UpgradeLog>
    <Settings>
        <Setting
            Name = "LogFile"
            Value = "Graphing.log"
        />
        <Setting
            Name = "GenerateInterfacesForClasses"
            Value = "0"
        />
        <Setting
            Name = "ProjectName"
            Value = "Graphing"
        />
        <Setting
            Name = "OutputName"
            Value = "Graphing.vbproj"
        />
        <Setting
            Name = "OutputDir"
            Value = "C:\Program Files\Microsoft Visual Studio\VB98\graphing"
        />
        <Setting
            Name = "ProjectPath"
            Value = "C:\Program Files\Microsoft Visual Studio\VB98\Graphing.vbp"
        />
        <Setting
            Name = "MigrateProjectTo"
            Value = "WinExe"
        />
    </Settings>
    <File
        OldPath = "C:\Program Files\Microsoft Visual Studio\VB98\Graphing.frm"
        NewPath = "C:\Program Files\Microsoft Visual Studio\VB98\graphing\Graphing.vb"
        FileType = "Form"
        Upgraded = "True"
    >
        <Section Name = "Command1_Click" >
            <Issue
                Type = "Runtime"
                Number = "1037"
            >Couldn't resolve default property of object I.</Issue>
            <Issue
                Type = "Runtime"
                Number = "1037"
            >Couldn't resolve default property of object I.</Issue>
        </Section>
        <Section Name = "PlotData" >
            <Issue
                Type = "Runtime"
                Number = "1037"
            >Couldn't resolve default property of object J.</Issue>
            <Issue
                Type = "Runtime"
                Number = "1037"
            >Couldn't resolve default property of object I.</Issue>
            <Issue
                Type = "Runtime"
                Number = "1037"
            >Couldn't resolve default property of object J.</Issue>
            <Issue
                Type = "Runtime"
                Number = "1037"
            >Couldn't resolve default property of object I.</Issue>
        </Section>
    </File>
</UpgradeLog>

