<?xml version="1.0" encoding="utf-8"?>
<UpgradeLog>
    <Settings>
        <Setting
            Name = "LogFile"
            Value = "ChemPlant.log"
        />
        <Setting
            Name = "GenerateInterfacesForClasses"
            Value = "0"
        />
        <Setting
            Name = "ProjectName"
            Value = "ChemPlant"
        />
        <Setting
            Name = "OutputName"
            Value = "ChemPlant.vbproj"
        />
        <Setting
            Name = "OutputDir"
            Value = "C:\Program Files\Microsoft Visual Studio\VB98\chemplant"
        />
        <Setting
            Name = "ProjectPath"
            Value = "C:\Program Files\Microsoft Visual Studio\VB98\ChemPlant.vbp"
        />
        <Setting
            Name = "MigrateProjectTo"
            Value = "WinExe"
        />
    </Settings>
    <File
        OldPath = "C:\Program Files\Microsoft Visual Studio\VB98\ChemPlant.frm"
        NewPath = "C:\Program Files\Microsoft Visual Studio\VB98\chemplant\ChemPlant.vb"
        FileType = "Form"
        Upgraded = "True"
    />
</UpgradeLog>

