<?xml version="1.0" encoding="utf-8"?>
<UpgradeLog>
    <Settings>
        <Setting
            Name = "LogFile"
            Value = "NumClicks.log"
        />
        <Setting
            Name = "GenerateInterfacesForClasses"
            Value = "0"
        />
        <Setting
            Name = "ProjectName"
            Value = "NumClicks"
        />
        <Setting
            Name = "OutputName"
            Value = "NumClicks.vbproj"
        />
        <Setting
            Name = "OutputDir"
            Value = "C:\Program Files\Microsoft Visual Studio\VB98\NumClicks"
        />
        <Setting
            Name = "ProjectPath"
            Value = "C:\Program Files\Microsoft Visual Studio\VB98\NumClicks.vbp"
        />
        <Setting
            Name = "MigrateProjectTo"
            Value = "WinExe"
        />
    </Settings>
    <File
        OldPath = "C:\Program Files\Microsoft Visual Studio\VB98\NumClicks.frm"
        NewPath = "C:\Program Files\Microsoft Visual Studio\VB98\NumClicks\NumClicks.vb"
        FileType = "Form"
        Upgraded = "True"
    />
</UpgradeLog>

