Arguments: 
  /home/bryan/.nvm/versions/node/v14.17.1/bin/node /home/bryan/.nvm/versions/node/v14.17.1/lib/node_modules/@sanity/cli/vendor/yarn install --json --non-interactive --ignore-engines --registry https://registry.npmjs.org

PATH: 
  /mnt/c/Users/bryan/Downloads/DOWNLOADS/blog-w-comments/node_modules/.bin:/mnt/c/Users/bryan/Downloads/DOWNLOADS/node_modules/.bin:/mnt/c/Users/bryan/Downloads/node_modules/.bin:/mnt/c/Users/bryan/node_modules/.bin:/mnt/c/Users/node_modules/.bin:/mnt/c/node_modules/.bin:/mnt/node_modules/.bin:/node_modules/.bin:/home/bryan/.nvm/versions/node/v14.17.1/bin:/home/bryan/.nvm/versions/node/v14.17.1/lib/node_modules/vendor:/home/bryan/.local/bin:./:/home/bryan/gems/bin:/home/bryan/.nvm/versions/node/v14.17.1/bin:/usr/local/sbin:/usr/local/bin:/usr/sbin:/usr/bin:/sbin:/bin:/usr/games:/usr/local/games:/mnt/c/Program Files/ImageMagick-7.1.0-Q16-HDRI:/mnt/c/Program Files/Common Files/Oracle/Java/javapath:/mnt/c/Program Files (x86)/Common Files/Oracle/Java/javapath:/mnt/c/Users/bryan/AppData/Local/Programs/Python/Python39/Scripts/:/mnt/c/Users/bryan/AppData/Local/Programs/Python/Python39/:/mnt/c/tools/ruby27/bin:/mnt/c/WINDOWS/system32:/mnt/c/WINDOWS:/mnt/c/WINDOWS/System32/Wbem:/mnt/c/WINDOWS/System32/WindowsPowerShell/v1.0/:/mnt/c/WINDOWS/System32/OpenSSH/:/mnt/c/ProgramData/chocolatey/bin:/mnt/c/tools/php80:/mnt/c/Program Files (x86)/Yarn/bin/:/mnt/c/Program Files/Git LFS:/mnt/c/ProgramData/chocolatey/lib/elasticsearch/tools/elasticsearch-7.10.2/bin:/mnt/c/Program Files/doctl/:/mnt/c/Program Files/PowerShell/7/:/mnt/c/Program Files/Microsoft VS Code/bin:/mnt/c/ProgramData/chocolatey/lib/elasticsearch/tools/elasticsearch-7.12.0/bin:/mnt/c/Program Files/Git/cmd:/mnt/c/Program Files (x86)/GnuPG/bin:/mnt/c/Program Files/Docker/Docker/resources/bin:/mnt/c/ProgramData/DockerDesktop/version-bin:/mnt/c/Program Files/Go/bin:/mnt/c/Program Files/nodejs/:/mnt/c/Users/bryan/AppData/Local/Programs/PythonCodingPack/Scripts:/mnt/c/Users/bryan/AppData/Local/Programs/PythonCodingPack:/mnt/c/Python27/:/mnt/c/Python27/Scripts:/mnt/c/Program Files (x86)/Brackets/command:/mnt/c/Program Files/dotnet/:/mnt/c/Users/bryan/AppData/Local/Microsoft/WindowsApps:/mnt/c/Users/bryan/AppData/Local/Programs/Microsoft VS Code Insiders/bin:/mnt/c/Program Files/heroku/bin:/mnt/c/Program Files/Oracle/VirtualBox:/mnt/c/Users/bryan/AppData/Local/GitHubDesktop/bin:/mnt/c/Users/bryan/.dotnet/tools:/mnt/c/Program Files/JetBra:/mnt/c/Users/bryan/AppData/Local/Programs/Microsoft VS Code/bin:/mnt/c/Users/bryan/go/bin:/mnt/c/Users/bryan/AppData/Roaming/npm:/snap/bin

Yarn version: 
  1.22.10

Node version: 
  14.17.1

Platform: 
  linux x64

Trace: 
  Error: ENOENT: no such file or directory, chmod '/mnt/c/Users/bryan/Downloads/DOWNLOADS/blog-w-comments/node_modules/@npmcli/run-script/node_modules/.bin/node-gyp'

npm manifest: 
  {
    "name": "cms-sanity",
    "version": "1.0.0",
    "scripts": {
      "dev": "next",
      "build": "npm run build:sanity && pwd && npm run build:web",
      "build:web": "next build",
      "start:web": "next start",
      "build:sanity": "cd studio && sanity build ../public/studio -y && cd ..",
      "start:sanity": "cp .env ./studio/.env.development && cd studio && sanity start",
      "postinstall": "lerna bootstrap"
    },
    "dependencies": {
      "@bgoonz11/repoutils": "^1.0.5",
      "@sanity/block-content-to-react": "^2.0.7",
      "@sanity/client": "^2.8.0",
      "@sanity/image-url": "^0.140.19",
      "classnames": "^2.2.6",
      "date-fns": "^2.15.0",
      "next": "^10.2.0",
      "next-sanity": "^0.1.5",
      "react": "^17.0.2",
      "react-dom": "^17.0.2",
      "react-hook-form": "^7.3.6",
      "swr": "^0.5.5"
    },
    "devDependencies": {
      "@fullhuman/postcss-purgecss": "^4.0.3",
      "@sanity/cli": "^2.0.5",
      "lerna": "^4.0.0",
      "postcss-preset-env": "^6.7.0",
      "tailwindcss": "^2.1.2"
    }
  }

yarn manifest: 
  No manifest

Lockfile: 
  No lockfile
